\BOOKMARK [1][-]{section.1}{\376\377\000I\000n\000t\000r\000o\000d\000u\000c\000t\000i\000o\000n}{}
\BOOKMARK [2][-]{subsection.1.1}{\376\377\000G\000r\000i\000d\000\040\000-\000\040\000a\000\040\000w\000i\000l\000d\000\040\000b\000e\000a\000s\000t}{section.1}
\BOOKMARK [2][-]{subsection.1.2}{\376\377\000U\000s\000e\000r\000-\000f\000r\000i\000e\000n\000d\000l\000i\000n\000e\000s\000s\000\040\000a\000n\000d\000\040\000l\000o\000w\000\040\000b\000a\000r\000r\000i\000e\000r\000s}{section.1}
\BOOKMARK [1][-]{section.2}{\376\377\000O\000v\000e\000r\000v\000i\000e\000w}{}
\BOOKMARK [2][-]{subsection.2.1}{\376\377\000C\000o\000n\000d\000o\000r\000\040\000i\000s\000\040\000o\000u\000r\000\040\000i\000n\000s\000p\000i\000r\000a\000t\000i\000o\000n}{section.2}
\BOOKMARK [2][-]{subsection.2.2}{\376\377\000T\000y\000p\000i\000c\000a\000l\000\040\000j\000o\000b}{section.2}
\BOOKMARK [2][-]{subsection.2.3}{\376\377\000J\000o\000b\000\040\000p\000a\000r\000a\000m\000e\000t\000e\000r\000s}{section.2}
\BOOKMARK [2][-]{subsection.2.4}{\376\377\000C\000l\000u\000s\000t\000e\000r\000\040\000j\000o\000b\000s}{section.2}
\BOOKMARK [1][-]{section.3}{\376\377\000D\000e\000s\000i\000g\000n}{}
\BOOKMARK [2][-]{subsection.3.1}{\376\377\000V\000i\000r\000t\000u\000a\000l\000\040\000f\000i\000l\000e\000s\000y\000s\000t\000e\000m\000\040\000b\000a\000s\000i\000c\000s}{section.3}
\BOOKMARK [2][-]{subsection.3.2}{\376\377\000O\000u\000r\000\040\000f\000i\000l\000e\000s\000y\000s\000t\000e\000m\000\040\000s\000t\000r\000u\000c\000t\000u\000r\000e}{section.3}
\BOOKMARK [2][-]{subsection.3.3}{\376\377\000T\000y\000p\000i\000c\000a\000l\000\040\000w\000o\000r\000k\000-\000f\000l\000o\000w}{section.3}
\BOOKMARK [2][-]{subsection.3.4}{\376\377\000E\000x\000a\000m\000p\000l\000e\000\040\000o\000f\000\040\000j\000o\000b\000\040\000s\000u\000b\000m\000i\000s\000s\000i\000o\000n}{section.3}
\BOOKMARK [1][-]{section.4}{\376\377\000I\000m\000p\000l\000e\000m\000e\000n\000t\000a\000t\000i\000o\000n}{}
\BOOKMARK [2][-]{subsection.4.1}{\376\377\000C\000o\000m\000m\000a\000n\000d\000s}{section.4}
\BOOKMARK [2][-]{subsection.4.2}{\376\377\000S\000t\000a\000t\000u\000s\000e\000s}{section.4}
\BOOKMARK [1][-]{section.5}{\376\377\000L\000i\000m\000i\000t\000a\000t\000i\000o\000n\000s\000\040\000a\000n\000d\000\040\000f\000u\000r\000t\000h\000e\000r\000\040\000w\000o\000r\000k}{}
\BOOKMARK [2][-]{subsection.5.1}{\376\377\000O\000v\000e\000r\000w\000r\000i\000t\000t\000e\000n\000\040\000f\000i\000l\000e\000s\000\040\000o\000f\000\040\000c\000l\000u\000s\000t\000e\000r\000\040\000j\000o\000b\000s}{section.5}
\BOOKMARK [2][-]{subsection.5.2}{\376\377\000I\000m\000p\000o\000s\000s\000i\000b\000l\000e\000\040\000t\000o\000\040\000c\000o\000n\000t\000r\000o\000l\000\040\000s\000i\000n\000g\000l\000e\000\040\000i\000n\000s\000t\000a\000n\000c\000e\000\040\000o\000f\000\040\000c\000l\000u\000s\000t\000e\000r\000\040\000j\000o\000b}{section.5}
\BOOKMARK [2][-]{subsection.5.3}{\376\377\000S\000u\000p\000p\000o\000r\000t\000\040\000f\000o\000r\000\040\000i\000n\000t\000e\000r\000p\000r\000e\000t\000e\000d\000\040\000l\000a\000n\000g\000u\000a\000g\000e\000s}{section.5}
\BOOKMARK [2][-]{subsection.5.4}{\376\377\000S\000u\000p\000p\000o\000r\000t\000\040\000f\000o\000r\000\040\000a\000d\000d\000i\000t\000i\000o\000n\000a\000l\000\040\000g\000r\000i\000d\000\040\000s\000o\000f\000t\000w\000a\000r\000e\000s}{section.5}
\BOOKMARK [2][-]{subsection.5.5}{\376\377\000U\000n\000i\000f\000y\000\040\000s\000t\000y\000l\000e\000\040\000o\000f\000\040\000s\000u\000b\000m\000i\000s\000s\000i\000o\000n\000\040\000w\000i\000t\000h\000\040\000W\000i\000n\000d\000o\000w\000s\000\040\000v\000e\000r\000s\000i\000o\000n}{section.5}
